<?xml version="1.0" encoding="UTF-8"?>
<testsuites name="New Test Suite" time="62.113" tests="1" failures="0" errors="0">
   <testsuite name="New Test Suite" tests="1" failures="0" errors="0" time="62.113" skipped="0" timestamp="14-06-2024T14:49:35" hostname="HP - 20.23.0.7" id="Test Suites/New Test Suite">
      <properties>
         <property name="deviceName" value=""/>
         <property name="devicePlatform"/>
         <property name="logFolder" value="C:\\Users\\HP\\Katalon Studio\\Email.14.6.24\\Reports\\20240614_144923\\New Test Suite\\20240614_144924"/>
         <property name="logFiles" value="C:\\Users\\HP\\Katalon Studio\\Email.14.6.24\\Reports\\20240614_144923\\New Test Suite\\20240614_144924\\execution0.log"/>
         <property name="attachments" value=""/>
         <property name="hostName" value="HP - 20.23.0.7"/>
         <property name="os" value="Windows 11 64bit"/>
         <property name="katalonVersion" value="9.5.0.217"/>
         <property name="browser" value="Chrome 126.0.0.0"/>
         <property name="hostAddress" value="20.23.0.7"/>
         <property name="sessionId" value="21b74b4e50ab6df050df7ad9c88fcd8b"/>
         <property name="seleniumVersion" value="3.141.59"/>
         <property name="proxyInformation" value="ProxyInformation { proxyOption=NO_PROXY, proxyServerType=HTTP, username=, password=********, proxyServerAddress=, proxyServerPort=0, executionList=&quot;&quot;, isApplyToDesiredCapabilities=true }"/>
         <property name="platform" value="Windows 11"/>
      </properties>
      <testcase name="Test Cases/Mail" time="61.891" classname="Test Cases/Mail" status="PASSED">
         <system-out><![CDATA[14-06-2024T14:49:35 - [TEST_CASE][PASSED] - Test Cases/Mail: Test Cases/Mail

14-06-2024T14:49:36 - [TEST_STEP][PASSED] - openBrowser(""): Browser is opened with url: ''

14-06-2024T14:49:36 - [MESSAGE][INFO] - Starting 'Chrome' driver

14-06-2024T14:49:36 - [MESSAGE][INFO] - Action delay is set to 0 milliseconds

14-06-2024T14:49:40 - [MESSAGE][PASSED] - Browser is opened with url: ''

14-06-2024T14:49:40 - [TEST_STEP][PASSED] - navigateToUrl("https://www.google.com/"): Navigate to 'https://www.google.com/' successfully

14-06-2024T14:49:52 - [MESSAGE][PASSED] - Navigate to 'https://www.google.com/' successfully

14-06-2024T14:49:52 - [TEST_STEP][PASSED] - click(findTestObject("Object Repository/Page_Google/a_Gmail")): Object: 'Object Repository/Page_Google/a_Gmail' is clicked on

14-06-2024T14:49:56 - [MESSAGE][PASSED] - Object: 'Object Repository/Page_Google/a_Gmail' is clicked on

14-06-2024T14:49:56 - [TEST_STEP][PASSED] - click(findTestObject("Object Repository/Page_Gmail Private and secure email at no c_d3ebd8/a_Sign in")): Object: 'Object Repository/Page_Gmail Private and secure email at no c_d3ebd8/a_Sign in' is clicked on

14-06-2024T14:49:59 - [MESSAGE][PASSED] - Object: 'Object Repository/Page_Gmail Private and secure email at no c_d3ebd8/a_Sign in' is clicked on

14-06-2024T14:49:59 - [TEST_STEP][PASSED] - setText(findTestObject("Object Repository/Page_Gmail/input_to continue to Gmail_identifier"), "padmaramasamy2024"): Text 'padmaramasamy2024' is set on object 'Object Repository/Page_Gmail/input_to continue to Gmail_identifier'

14-06-2024T14:50:00 - [MESSAGE][PASSED] - Text 'padmaramasamy2024' is set on object 'Object Repository/Page_Gmail/input_to continue to Gmail_identifier'

14-06-2024T14:50:00 - [TEST_STEP][PASSED] - click(findTestObject("Object Repository/Page_Gmail/span_Next")): Object: 'Object Repository/Page_Gmail/span_Next' is clicked on

14-06-2024T14:50:01 - [MESSAGE][PASSED] - Object: 'Object Repository/Page_Gmail/span_Next' is clicked on

14-06-2024T14:50:01 - [TEST_STEP][PASSED] - setEncryptedText(findTestObject("Object Repository/Page_Gmail/input_Too many failed attempts_Passwd_1"), "od7GkKibJepsfKoYHz4/IQ=="): Text ****** has been set on object 'Object Repository/Page_Gmail/input_Too many failed attempts_Passwd_1'

14-06-2024T14:50:03 - [MESSAGE][PASSED] - Text ****** has been set on object 'Object Repository/Page_Gmail/input_Too many failed attempts_Passwd_1'

14-06-2024T14:50:03 - [TEST_STEP][PASSED] - click(findTestObject("Object Repository/Page_Gmail/input_Too many failed attempts_VfPpkd-muHVF_8ead10")): Object: 'Object Repository/Page_Gmail/input_Too many failed attempts_VfPpkd-muHVF_8ead10' is clicked on

14-06-2024T14:50:03 - [MESSAGE][PASSED] - Object: 'Object Repository/Page_Gmail/input_Too many failed attempts_VfPpkd-muHVF_8ead10' is clicked on

14-06-2024T14:50:03 - [TEST_STEP][PASSED] - click(findTestObject("Object Repository/Page_Gmail/span_Next")): Object: 'Object Repository/Page_Gmail/span_Next' is clicked on

14-06-2024T14:50:35 - [MESSAGE][INFO] - Unable to find the element located by 'By.xpath: //div[@id='identifierNext']/div/button/span'. Please recheck the objects properties to make sure the desired element is located. 

14-06-2024T14:50:35 - [MESSAGE][WARNING] - [SELF-HEALING] Failed to find element with id 'Object Repository/Page_Gmail/span_Next'. Try using Self-healing.

14-06-2024T14:50:35 - [MESSAGE][WARNING] - [SELF-HEALING] The current locator of test object 'Object Repository/Page_Gmail/span_Next' was broken. Propose an alternative one: '//*/text()[normalize-space(.)='Next']/parent::*'.

14-06-2024T14:50:35 - [MESSAGE][PASSED] - Object: 'Object Repository/Page_Gmail/span_Next' is clicked on

14-06-2024T14:50:35 - [TEST_STEP][PASSED] - closeBrowser(): Browser is closed

14-06-2024T14:50:37 - [MESSAGE][PASSED] - Browser is closed]]></system-out>
         <system-err><![CDATA[]]></system-err>
      </testcase>
      <system-out><![CDATA[14-06-2024T14:49:35 - [TEST_SUITE][PASSED] - New Test Suite: Test Cases/Mail]]></system-out>
      <system-err><![CDATA[]]></system-err>
   </testsuite>
</testsuites>
